<?xml version="1.0" encoding="UTF-8"?>
<!-- Generated by org.testng.reporters.JUnitReportReporter -->
<testsuite hostname="IB-Pune-LAP-329" failures="0" tests="1" name="com.Appium.testcase.Setup_Teardown" time="12.868" errors="0" timestamp="2023-07-07T00:25:37 IST" skipped="0">
  <testcase classname="com.Appium.testcase.Setup_Teardown" name="Test" time="12.868"/>
  <system-out/>
</testsuite> <!-- com.Appium.testcase.Setup_Teardown -->
